[openstudio.runmanager.RunManager] <-1> Time to load for uuid: {c52c8fc1-449e-4e36-b9a8-b7eade06074b} 0
[openstudio.runmanager.RunManager] <-1> Time to parse tools for uuid: {c52c8fc1-449e-4e36-b9a8-b7eade06074b} 0
[openstudio.runmanager.RunManager] <-1> Time to parse params for uuid: {c52c8fc1-449e-4e36-b9a8-b7eade06074b} 0
[openstudio.runmanager.RunManager] <-1> Time to parse files for uuid: {c52c8fc1-449e-4e36-b9a8-b7eade06074b} 0
[openstudio.runmanager.RunManager] <-1> Time to load for uuid: {999e32c4-3ece-42b7-a4b1-e8c1f182f231} 0
[openstudio.runmanager.RunManager] <-1> Time to parse tools for uuid: {999e32c4-3ece-42b7-a4b1-e8c1f182f231} 0
[openstudio.runmanager.RunManager] <-1> Time to parse params for uuid: {999e32c4-3ece-42b7-a4b1-e8c1f182f231} 0
[openstudio.runmanager.RunManager] <-1> Time to parse files for uuid: {999e32c4-3ece-42b7-a4b1-e8c1f182f231} 0
[openstudio.runmanager.RunManager] <-1> Time to load for uuid: {e9fc514f-bfea-45be-b7ad-02afc0e5262c} 0
[openstudio.runmanager.RunManager] <-1> Time to parse tools for uuid: {e9fc514f-bfea-45be-b7ad-02afc0e5262c} 0
[openstudio.runmanager.RunManager] <-1> Time to parse params for uuid: {e9fc514f-bfea-45be-b7ad-02afc0e5262c} 0
[openstudio.runmanager.RunManager] <-1> Time to parse files for uuid: {e9fc514f-bfea-45be-b7ad-02afc0e5262c} 0
[openstudio.runmanager.RunManager] <-1> Time to load for uuid: {c8b56ff4-a6b3-4d02-8033-e34054a91671} 0
[openstudio.runmanager.RunManager] <-1> Time to parse tools for uuid: {c8b56ff4-a6b3-4d02-8033-e34054a91671} 0
[openstudio.runmanager.RunManager] <-1> Time to parse params for uuid: {c8b56ff4-a6b3-4d02-8033-e34054a91671} 0
[openstudio.runmanager.RunManager] <-1> Time to parse files for uuid: {c8b56ff4-a6b3-4d02-8033-e34054a91671} 0
[openstudio.runmanager.RunManager] <-1> Time to load for uuid: {498e095b-715e-4dd9-96d4-7d27b82646e2} 0
[openstudio.runmanager.RunManager] <-1> Time to parse tools for uuid: {498e095b-715e-4dd9-96d4-7d27b82646e2} 0
[openstudio.runmanager.RunManager] <-1> Time to parse params for uuid: {498e095b-715e-4dd9-96d4-7d27b82646e2} 0
[openstudio.runmanager.RunManager] <-1> Time to parse files for uuid: {498e095b-715e-4dd9-96d4-7d27b82646e2} 0
[openstudio.LocalLibraryController] <-2> Creating LocalLibraryController with base app 000000C95ED3F810
[utilities.bcl.BCLMeasure] <-2> Loading measures in path: C:/Program Files/OpenStudio 1.11.0/share/openstudio-1.11.0/pat/Measures
[utilities.bcl.BCLMeasure] <-2> Attempting to load measure: C:/Program Files/OpenStudio 1.11.0/share/openstudio-1.11.0/pat/Measures/CalibrationReports
[utilities.bcl.BCLMeasure] <-2> Success loading measure: C:/Program Files/OpenStudio 1.11.0/share/openstudio-1.11.0/pat/Measures/CalibrationReports
[utilities.bcl.BCLMeasure] <-2> Attempting to load measure: C:/Program Files/OpenStudio 1.11.0/share/openstudio-1.11.0/pat/Measures/RadianceMeasure
[utilities.bcl.BCLMeasure] <-2> Success loading measure: C:/Program Files/OpenStudio 1.11.0/share/openstudio-1.11.0/pat/Measures/RadianceMeasure
[utilities.bcl.BCLMeasure] <-2> Attempting to load measure: C:/Program Files/OpenStudio 1.11.0/share/openstudio-1.11.0/pat/Measures/ReplaceModel
[utilities.bcl.BCLMeasure] <-2> Success loading measure: C:/Program Files/OpenStudio 1.11.0/share/openstudio-1.11.0/pat/Measures/ReplaceModel
[utilities.bcl.BCLMeasure] <-2> Attempting to load measure: C:/Program Files/OpenStudio 1.11.0/share/openstudio-1.11.0/pat/Measures/ReportRequest
[utilities.bcl.BCLMeasure] <-2> Success loading measure: C:/Program Files/OpenStudio 1.11.0/share/openstudio-1.11.0/pat/Measures/ReportRequest
[utilities.bcl.BCLMeasure] <-2> Attempting to load measure: C:/Program Files/OpenStudio 1.11.0/share/openstudio-1.11.0/pat/Measures/StandardReports
[utilities.bcl.BCLMeasure] <-2> Success loading measure: C:/Program Files/OpenStudio 1.11.0/share/openstudio-1.11.0/pat/Measures/StandardReports
[utilities.bcl.BCLMeasure] <-2> Loading measures in path: C:/Users/behzad/OpenStudio/Measures
[openstudio.EpwFile] <0> Header start day of the week and actual start day of the week do not match in EPW file 'C:/Users/behzad/AppData/Local/Temp/OpenStudio.LT9004/resources/files/ITA_Piacenza.160840_IGDG.epw'. Data will be treated as typical (TMY)
[openstudio.EpwFile] <0> Header start day of the week and actual start day of the week do not match in EPW file 'C:/Users/behzad/AppData/Local/Temp/OpenStudio.LT9004/resources/files/ITA_Piacenza.160840_IGDG.epw'. Data will be treated as typical (TMY)
[openstudio.model.WeatherFile] <-2> Setting weather file url to file:files/ITA_Piacenza.160840_IGDG.epw
[openstudio.EpwFile] <0> Header start day of the week and actual start day of the week do not match in EPW file 'C:/Users/behzad/AppData/Local/Temp/OpenStudio.LT9004/resources/files/ITA_Piacenza.160840_IGDG.epw'. Data will be treated as typical (TMY)
[openstudio.setFileExtension] <0> Path p, 'C:/Users/behzad/Dropbox/2 Teaching Activities/3 Technical Environmental SYSTEMS/POLIMI Technical Environmental Systems Shared Folder/Weather Data/ITA_Piacenza.160840_IGDG.ddy', has an unexpected file extension. Was expecting 'idf'.
[openstudio.energyplus.GeometryTranslator] <0> Could not find GlobalGeometryRules object, assuming defaults
[openstudio.energyplus.GeometryTranslator] <0> Could not find Building object, assuming 0 rotation
[openstudio.energyplus.GeometryTranslator] <0> Could not find Building object, assuming 0 rotation
[openstudio.energyplus.GeometryTranslator] <0> Could not find Building object, assuming 0 rotation
[openstudio.energyplus.GeometryTranslator] <0> Could not find Building object, assuming 0 rotation
[openstudio::ResultsTabController] <-2> searchForExistingResults C:/Users/behzad/AppData/Local/Temp/OpenStudio.LT9004/resources/run
[openstudio::ResultsTabView] <-2> searchForExistingResults C:/Users/behzad/AppData/Local/Temp/OpenStudio.LT9004/resources/run
[openstudio::ResultsView] <-2> Looking for existing results in: C:/Users/behzad/AppData/Local/Temp/OpenStudio.LT9004/resources/run
[openstudio::ResultsView] <-2> resultsGenerated C:/Users/behzad/AppData/Local/Temp/OpenStudio.LT9004/resources/run/5-EnergyPlus-0/eplusout.sql 
[openstudio::ResultsTabController] <-2> searchForExistingResults C:/Users/behzad/AppData/Local/Temp/OpenStudio.LT9004/resources/run
[openstudio::ResultsTabView] <-2> searchForExistingResults C:/Users/behzad/AppData/Local/Temp/OpenStudio.LT9004/resources/run
[openstudio::ResultsView] <-2> Looking for existing results in: C:/Users/behzad/AppData/Local/Temp/OpenStudio.LT9004/resources/run
[openstudio::ResultsView] <-2> resultsGenerated C:/Users/behzad/AppData/Local/Temp/OpenStudio.LT9004/resources/run/5-EnergyPlus-0/eplusout.sql 
[openstudio.EpwFile] <0> Header start day of the week and actual start day of the week do not match in EPW file 'C:/Users/behzad/AppData/Local/Temp/OpenStudio.LT9004/resources/files/ITA_Piacenza.160840_IGDG.epw'. Data will be treated as typical (TMY)
[openstudio.model.LayeredConstruction] <0> Skipping layer 0 in Object of type 'OS:Construction' and named 'Interior Partition', as there is no Material object referenced by the corresponding field.
[utilities.idf.Workspace] <-1> Renamed Object of type 'OS:DefaultConstructionSet' and named '189.1-2009 - CZ1 - Office' to '189.1-2009 - CZ1 - Office 1' to avoid a name conflict upon WorkspaceObject addition.
[openstudio.model.LayeredConstruction] <0> Skipping layer 0 in Object of type 'OS:Construction' and named 'ASHRAE 189.1-2009 ExtRoof IEAD ClimateZone 1', as there is no Material object referenced by the corresponding field.
[openstudio.model.LayeredConstruction] <0> Skipping layer 1 in Object of type 'OS:Construction' and named 'ASHRAE 189.1-2009 ExtRoof IEAD ClimateZone 1', as there is no Material object referenced by the corresponding field.
[openstudio.model.LayeredConstruction] <0> Skipping layer 2 in Object of type 'OS:Construction' and named 'ASHRAE 189.1-2009 ExtRoof IEAD ClimateZone 1', as there is no Material object referenced by the corresponding field.
[openstudio.model.LayeredConstruction] <0> Skipping layer 0 in Object of type 'OS:Construction' and named 'ExtSlabCarpet 4in ClimateZone 1-8', as there is no Material object referenced by the corresponding field.
[openstudio.model.LayeredConstruction] <0> Skipping layer 1 in Object of type 'OS:Construction' and named 'ExtSlabCarpet 4in ClimateZone 1-8', as there is no Material object referenced by the corresponding field.
[openstudio.model.LayeredConstruction] <0> Skipping layer 0 in Object of type 'OS:Construction' and named 'ASHRAE 189.1-2009 ExtWall Mass ClimateZone 1', as there is no Material object referenced by the corresponding field.
[openstudio.model.LayeredConstruction] <0> Skipping layer 1 in Object of type 'OS:Construction' and named 'ASHRAE 189.1-2009 ExtWall Mass ClimateZone 1', as there is no Material object referenced by the corresponding field.
[openstudio.model.LayeredConstruction] <0> Skipping layer 2 in Object of type 'OS:Construction' and named 'ASHRAE 189.1-2009 ExtWall Mass ClimateZone 1', as there is no Material object referenced by the corresponding field.
[openstudio.model.LayeredConstruction] <0> Skipping layer 3 in Object of type 'OS:Construction' and named 'ASHRAE 189.1-2009 ExtWall Mass ClimateZone 1', as there is no Material object referenced by the corresponding field.
[utilities.idf.Workspace] <-1> Renamed Object of type 'OS:DefaultSurfaceConstructions' and named 'Default Surface Constructions 1' to 'Default Surface Constructions 22' to avoid a name conflict upon WorkspaceObject addition.
[openstudio.model.LayeredConstruction] <0> Skipping layer 0 in Object of type 'OS:Construction' and named 'Interior Ceiling', as there is no Material object referenced by the corresponding field.
[openstudio.model.LayeredConstruction] <0> Skipping layer 1 in Object of type 'OS:Construction' and named 'Interior Ceiling', as there is no Material object referenced by the corresponding field.
[openstudio.model.LayeredConstruction] <0> Skipping layer 2 in Object of type 'OS:Construction' and named 'Interior Ceiling', as there is no Material object referenced by the corresponding field.
[openstudio.model.LayeredConstruction] <0> Skipping layer 0 in Object of type 'OS:Construction' and named 'Interior Wall', as there is no Material object referenced by the corresponding field.
[openstudio.model.LayeredConstruction] <0> Skipping layer 1 in Object of type 'OS:Construction' and named 'Interior Wall', as there is no Material object referenced by the corresponding field.
[openstudio.model.LayeredConstruction] <0> Skipping layer 2 in Object of type 'OS:Construction' and named 'Interior Wall', as there is no Material object referenced by the corresponding field.
[openstudio.model.LayeredConstruction] <0> Skipping layer 0 in Object of type 'OS:Construction' and named 'Interior Floor', as there is no Material object referenced by the corresponding field.
[openstudio.model.LayeredConstruction] <0> Skipping layer 1 in Object of type 'OS:Construction' and named 'Interior Floor', as there is no Material object referenced by the corresponding field.
[openstudio.model.LayeredConstruction] <0> Skipping layer 2 in Object of type 'OS:Construction' and named 'Interior Floor', as there is no Material object referenced by the corresponding field.
[utilities.idf.Workspace] <-1> Renamed Object of type 'OS:DefaultSurfaceConstructions' and named 'Default Surface Constructions 2' to 'Default Surface Constructions 23' to avoid a name conflict upon WorkspaceObject addition.
[openstudio.model.LayeredConstruction] <0> Skipping layer 0 in Object of type 'OS:Construction' and named 'ExtSlabCarpet 4in ClimateZone 1-8', as there is no Material object referenced by the corresponding field.
[openstudio.model.LayeredConstruction] <0> Skipping layer 1 in Object of type 'OS:Construction' and named 'ExtSlabCarpet 4in ClimateZone 1-8', as there is no Material object referenced by the corresponding field.
[utilities.idf.Workspace] <-1> Renamed Object of type 'OS:DefaultSurfaceConstructions' and named 'Default Surface Constructions 3' to 'Default Surface Constructions 24' to avoid a name conflict upon WorkspaceObject addition.
[openstudio.model.LayeredConstruction] <0> Skipping layer 0 in Object of type 'OS:Construction' and named 'ASHRAE 189.1-2009 ExtWindow ClimateZone 1', as there is no Material object referenced by the corresponding field.
[openstudio.model.LayeredConstruction] <0> Skipping layer 0 in Object of type 'OS:Construction' and named 'Exterior Door', as there is no Material object referenced by the corresponding field.
[openstudio.model.LayeredConstruction] <0> Skipping layer 1 in Object of type 'OS:Construction' and named 'Exterior Door', as there is no Material object referenced by the corresponding field.
[openstudio.model.LayeredConstruction] <0> Skipping layer 0 in Object of type 'OS:Construction' and named 'Interior Window', as there is no Material object referenced by the corresponding field.
[utilities.idf.Workspace] <-1> Renamed Object of type 'OS:DefaultSubSurfaceConstructions' and named 'Default Sub Surface Constructions 1' to 'Default Sub Surface Constructions 15' to avoid a name conflict upon WorkspaceObject addition.
[openstudio.model.LayeredConstruction] <0> Skipping layer 0 in Object of type 'OS:Construction' and named 'Interior Window', as there is no Material object referenced by the corresponding field.
[openstudio.model.LayeredConstruction] <0> Skipping layer 0 in Object of type 'OS:Construction' and named 'Interior Door', as there is no Material object referenced by the corresponding field.
[utilities.idf.Workspace] <-1> Renamed Object of type 'OS:DefaultSubSurfaceConstructions' and named 'Default Sub Surface Constructions 2' to 'Default Sub Surface Constructions 16' to avoid a name conflict upon WorkspaceObject addition.
[utilities.idf.Workspace] <-1> Renamed Object of type 'OS:Construction' and named 'ASHRAE 189.1-2009 ExtWall Mass ClimateZone 1' to 'ASHRAE 189.1-2009 ExtWall Mass ClimateZone 7' to avoid a name conflict upon WorkspaceObject addition.
[utilities.idf.Workspace] <-1> Renamed Object of type 'OS:Construction' and named 'ASHRAE 189.1-2009 ExtWall Mass ClimateZone 1' to 'ASHRAE 189.1-2009 ExtWall Mass ClimateZone 8' to avoid a name conflict upon WorkspaceObject addition.
[openstudio.model.LayeredConstruction] <0> Skipping layer 0 in Object of type 'OS:Construction' and named 'MyCustomizedExternalWall', as there is no Material object referenced by the corresponding field.
[openstudio.model.LayeredConstruction] <0> Skipping layer 0 in Object of type 'OS:Construction' and named 'MyCustomizedExternalWall', as there is no Material object referenced by the corresponding field.
[openstudio.model.LayeredConstruction] <0> Skipping layer 0 in Object of type 'OS:Construction' and named 'MyCustomizedExternalWall', as there is no Material object referenced by the corresponding field.
[openstudio.model.LayeredConstruction] <0> Skipping layer 0 in Object of type 'OS:Construction' and named 'MyCustomizedExternalWall', as there is no Material object referenced by the corresponding field.
[openstudio.model.LayeredConstruction] <0> Skipping layer 0 in Object of type 'OS:Construction' and named 'MyCustomizedExternalWall', as there is no Material object referenced by the corresponding field.
[openstudio.model.LayeredConstruction] <0> Skipping layer 0 in Object of type 'OS:Construction' and named 'MyCustomizedExternalWall', as there is no Material object referenced by the corresponding field.
[openstudio.model.LayeredConstruction] <0> Skipping layer 0 in Object of type 'OS:Construction' and named 'MyCustomizedExternalWall', as there is no Material object referenced by the corresponding field.
[openstudio.model.LayeredConstruction] <0> Skipping layer 0 in Object of type 'OS:Construction' and named 'MyCustomizedExternalWall', as there is no Material object referenced by the corresponding field.
[openstudio.model.LayeredConstruction] <0> Skipping layer 0 in Object of type 'OS:Construction' and named 'MyCustomizedExternalWall', as there is no Material object referenced by the corresponding field.
[openstudio.model.LayeredConstruction] <0> Skipping layer 0 in Object of type 'OS:Construction' and named 'MyCustomizedExternalWall', as there is no Material object referenced by the corresponding field.
[openstudio.model.LayeredConstruction] <0> Skipping layer 0 in Object of type 'OS:Construction' and named 'MyCustomizedExternalWall', as there is no Material object referenced by the corresponding field.
[openstudio.model.LayeredConstruction] <0> Skipping layer 0 in Object of type 'OS:Construction' and named 'MyCustomizedExternalWall', as there is no Material object referenced by the corresponding field.
[openstudio.model.LayeredConstruction] <0> Skipping layer 0 in Object of type 'OS:Construction' and named 'MyCustomizedExternalWall', as there is no Material object referenced by the corresponding field.
[openstudio.model.LayeredConstruction] <0> Skipping layer 0 in Object of type 'OS:Construction' and named 'MyCustomizedExternalWall', as there is no Material object referenced by the corresponding field.
[openstudio.model.LayeredConstruction] <0> Skipping layer 0 in Object of type 'OS:Construction' and named 'MyCustomizedExternalWall', as there is no Material object referenced by the corresponding field.
[openstudio.model.LayeredConstruction] <0> Skipping layer 0 in Object of type 'OS:Construction' and named 'MyCustomizedExternalWall', as there is no Material object referenced by the corresponding field.
[openstudio.model.LayeredConstruction] <0> Skipping layer 0 in Object of type 'OS:Construction' and named 'MyCustomizedExternalWall', as there is no Material object referenced by the corresponding field.
[openstudio.model.LayeredConstruction] <0> Skipping layer 0 in Object of type 'OS:Construction' and named 'MyCustomizedExternalWall', as there is no Material object referenced by the corresponding field.
[openstudio.model.LayeredConstruction] <0> Skipping layer 0 in Object of type 'OS:Construction' and named 'MyCustomizedExternalWall', as there is no Material object referenced by the corresponding field.
[openstudio.model.LayeredConstruction] <0> Skipping layer 0 in Object of type 'OS:Construction' and named 'MyCustomizedExternalWall', as there is no Material object referenced by the corresponding field.
[openstudio.model.LayeredConstruction] <0> Skipping layer 0 in Object of type 'OS:Construction' and named 'MyCustomizedExternalWall', as there is no Material object referenced by the corresponding field.
[openstudio.model.LayeredConstruction] <0> Skipping layer 0 in Object of type 'OS:Construction' and named 'MyCustomizedExternalWall', as there is no Material object referenced by the corresponding field.
[openstudio.model.LayeredConstruction] <0> Skipping layer 0 in Object of type 'OS:Construction' and named 'MyCustomizedExternalWall', as there is no Material object referenced by the corresponding field.
[openstudio.model.LayeredConstruction] <0> Skipping layer 0 in Object of type 'OS:Construction' and named 'MyCustomizedExternalWall', as there is no Material object referenced by the corresponding field.
[openstudio.model.LayeredConstruction] <0> Skipping layer 0 in Object of type 'OS:Construction' and named 'MyCustomizedExternalWall', as there is no Material object referenced by the corresponding field.
[openstudio.model.LayeredConstruction] <0> Skipping layer 0 in Object of type 'OS:Construction' and named 'MyCustomizedExternalWall', as there is no Material object referenced by the corresponding field.
[openstudio.model.LayeredConstruction] <0> Skipping layer 0 in Object of type 'OS:Construction' and named 'MyCustomizedExternalWall', as there is no Material object referenced by the corresponding field.
[openstudio.model.LayeredConstruction] <0> Skipping layer 1 in Object of type 'OS:Construction' and named 'MyCustomizedExternalWall', as there is no Material object referenced by the corresponding field.
[openstudio.model.LayeredConstruction] <0> Skipping layer 1 in Object of type 'OS:Construction' and named 'MyCustomizedExternalWall', as there is no Material object referenced by the corresponding field.
[openstudio.model.LayeredConstruction] <0> Skipping layer 1 in Object of type 'OS:Construction' and named 'MyCustomizedExternalWall', as there is no Material object referenced by the corresponding field.
[openstudio.model.LayeredConstruction] <0> Skipping layer 1 in Object of type 'OS:Construction' and named 'MyCustomizedExternalWall', as there is no Material object referenced by the corresponding field.
[openstudio.model.LayeredConstruction] <0> Skipping layer 1 in Object of type 'OS:Construction' and named 'MyCustomizedExternalWall', as there is no Material object referenced by the corresponding field.
[openstudio.model.LayeredConstruction] <0> Skipping layer 1 in Object of type 'OS:Construction' and named 'MyCustomizedExternalWall', as there is no Material object referenced by the corresponding field.
[openstudio.model.LayeredConstruction] <0> Skipping layer 1 in Object of type 'OS:Construction' and named 'MyCustomizedExternalWall', as there is no Material object referenced by the corresponding field.
[openstudio.model.LayeredConstruction] <0> Skipping layer 1 in Object of type 'OS:Construction' and named 'MyCustomizedExternalWall', as there is no Material object referenced by the corresponding field.
[openstudio.model.LayeredConstruction] <0> Skipping layer 1 in Object of type 'OS:Construction' and named 'MyCustomizedExternalWall', as there is no Material object referenced by the corresponding field.
[openstudio.model.LayeredConstruction] <0> Skipping layer 1 in Object of type 'OS:Construction' and named 'MyCustomizedExternalWall', as there is no Material object referenced by the corresponding field.
[openstudio.model.LayeredConstruction] <0> Skipping layer 2 in Object of type 'OS:Construction' and named 'MyCustomizedExternalWall', as there is no Material object referenced by the corresponding field.
[openstudio.model.LayeredConstruction] <0> Skipping layer 2 in Object of type 'OS:Construction' and named 'MyCustomizedExternalWall', as there is no Material object referenced by the corresponding field.
[openstudio.model.LayeredConstruction] <0> Skipping layer 2 in Object of type 'OS:Construction' and named 'MyCustomizedExternalWall', as there is no Material object referenced by the corresponding field.
[openstudio.model.LayeredConstruction] <0> Skipping layer 2 in Object of type 'OS:Construction' and named 'MyCustomizedExternalWall', as there is no Material object referenced by the corresponding field.
[openstudio.model.LayeredConstruction] <0> Skipping layer 2 in Object of type 'OS:Construction' and named 'MyCustomizedExternalWall', as there is no Material object referenced by the corresponding field.
[openstudio.model.LayeredConstruction] <0> Skipping layer 2 in Object of type 'OS:Construction' and named 'MyCustomizedExternalWall', as there is no Material object referenced by the corresponding field.
[openstudio.model.LayeredConstruction] <0> Skipping layer 2 in Object of type 'OS:Construction' and named 'MyCustomizedExternalWall', as there is no Material object referenced by the corresponding field.
[openstudio.model.LayeredConstruction] <0> Skipping layer 2 in Object of type 'OS:Construction' and named 'MyCustomizedExternalWall', as there is no Material object referenced by the corresponding field.
[openstudio.model.LayeredConstruction] <0> Skipping layer 2 in Object of type 'OS:Construction' and named 'MyCustomizedExternalWall', as there is no Material object referenced by the corresponding field.
[openstudio.model.LayeredConstruction] <0> Skipping layer 2 in Object of type 'OS:Construction' and named 'MyCustomizedExternalWall', as there is no Material object referenced by the corresponding field.
[openstudio.model.LayeredConstruction] <0> Skipping layer 3 in Object of type 'OS:Construction' and named 'MyCustomizedExternalWall', as there is no Material object referenced by the corresponding field.
[openstudio.model.LayeredConstruction] <0> Skipping layer 3 in Object of type 'OS:Construction' and named 'MyCustomizedExternalWall', as there is no Material object referenced by the corresponding field.
[openstudio.model.LayeredConstruction] <0> Skipping layer 3 in Object of type 'OS:Construction' and named 'MyCustomizedExternalWall', as there is no Material object referenced by the corresponding field.
[openstudio.model.LayeredConstruction] <0> Skipping layer 3 in Object of type 'OS:Construction' and named 'MyCustomizedExternalWall', as there is no Material object referenced by the corresponding field.
[openstudio.model.LayeredConstruction] <0> Skipping layer 3 in Object of type 'OS:Construction' and named 'MyCustomizedExternalWall', as there is no Material object referenced by the corresponding field.
[openstudio.model.LayeredConstruction] <0> Skipping layer 3 in Object of type 'OS:Construction' and named 'MyCustomizedExternalWall', as there is no Material object referenced by the corresponding field.
[openstudio.model.LayeredConstruction] <0> Skipping layer 3 in Object of type 'OS:Construction' and named 'MyCustomizedExternalWall', as there is no Material object referenced by the corresponding field.
[openstudio.model.LayeredConstruction] <0> Skipping layer 3 in Object of type 'OS:Construction' and named 'MyCustomizedExternalWall', as there is no Material object referenced by the corresponding field.
[openstudio.model.LayeredConstruction] <0> Skipping layer 3 in Object of type 'OS:Construction' and named 'MyCustomizedExternalWall', as there is no Material object referenced by the corresponding field.
[openstudio.model.LayeredConstruction] <0> Skipping layer 3 in Object of type 'OS:Construction' and named 'MyCustomizedExternalWall', as there is no Material object referenced by the corresponding field.
[openstudio.model.LayeredConstruction] <0> Skipping layer 4 in Object of type 'OS:Construction' and named 'MyCustomizedExternalWall', as there is no Material object referenced by the corresponding field.
[openstudio.model.LayeredConstruction] <0> Skipping layer 4 in Object of type 'OS:Construction' and named 'MyCustomizedExternalWall', as there is no Material object referenced by the corresponding field.
[openstudio.model.LayeredConstruction] <0> Skipping layer 4 in Object of type 'OS:Construction' and named 'MyCustomizedExternalWall', as there is no Material object referenced by the corresponding field.
[openstudio.model.LayeredConstruction] <0> Skipping layer 4 in Object of type 'OS:Construction' and named 'MyCustomizedExternalWall', as there is no Material object referenced by the corresponding field.
[openstudio.model.LayeredConstruction] <0> Skipping layer 4 in Object of type 'OS:Construction' and named 'MyCustomizedExternalWall', as there is no Material object referenced by the corresponding field.
[openstudio.model.LayeredConstruction] <0> Skipping layer 4 in Object of type 'OS:Construction' and named 'MyCustomizedExternalWall', as there is no Material object referenced by the corresponding field.
[openstudio.model.LayeredConstruction] <0> Skipping layer 4 in Object of type 'OS:Construction' and named 'MyCustomizedExternalWall', as there is no Material object referenced by the corresponding field.
[openstudio.model.LayeredConstruction] <0> Skipping layer 4 in Object of type 'OS:Construction' and named 'MyCustomizedExternalWall', as there is no Material object referenced by the corresponding field.
[openstudio.model.LayeredConstruction] <0> Skipping layer 4 in Object of type 'OS:Construction' and named 'MyCustomizedExternalWall', as there is no Material object referenced by the corresponding field.
[openstudio.model.LayeredConstruction] <0> Skipping layer 4 in Object of type 'OS:Construction' and named 'MyCustomizedExternalWall', as there is no Material object referenced by the corresponding field.
[utilities.idf.Workspace] <-1> Renamed Object of type 'OS:Material' and named 'Wall Insulation [36]' to 'Wall Insulation [36] 1' to avoid a name conflict upon WorkspaceObject addition.
[openstudio.model.LayeredConstruction] <0> Skipping layer 4 in Object of type 'OS:Construction' and named 'MyCustomizedExternalWall', as there is no Material object referenced by the corresponding field.
[openstudio.model.LayeredConstruction] <0> Skipping layer 4 in Object of type 'OS:Construction' and named 'MyCustomizedExternalWall', as there is no Material object referenced by the corresponding field.
[openstudio.model.LayeredConstruction] <0> Skipping layer 4 in Object of type 'OS:Construction' and named 'MyCustomizedExternalWall', as there is no Material object referenced by the corresponding field.
[openstudio.model.LayeredConstruction] <0> Skipping layer 4 in Object of type 'OS:Construction' and named 'MyCustomizedExternalWall', as there is no Material object referenced by the corresponding field.
[openstudio.model.LayeredConstruction] <0> Skipping layer 4 in Object of type 'OS:Construction' and named 'MyCustomizedExternalWall', as there is no Material object referenced by the corresponding field.
[openstudio.model.LayeredConstruction] <0> Skipping layer 4 in Object of type 'OS:Construction' and named 'MyCustomizedExternalWall', as there is no Material object referenced by the corresponding field.
[openstudio.model.LayeredConstruction] <0> Skipping layer 4 in Object of type 'OS:Construction' and named 'MyCustomizedExternalWall', as there is no Material object referenced by the corresponding field.
[openstudio.model.LayeredConstruction] <0> Skipping layer 4 in Object of type 'OS:Construction' and named 'MyCustomizedExternalWall', as there is no Material object referenced by the corresponding field.
[openstudio.model.LayeredConstruction] <0> Skipping layer 4 in Object of type 'OS:Construction' and named 'MyCustomizedExternalWall', as there is no Material object referenced by the corresponding field.
[openstudio.model.LayeredConstruction] <0> Skipping layer 4 in Object of type 'OS:Construction' and named 'MyCustomizedExternalWall', as there is no Material object referenced by the corresponding field.
[openstudio.model.LayeredConstruction] <0> Skipping layer 4 in Object of type 'OS:Construction' and named 'MyCustomizedExternalWall', as there is no Material object referenced by the corresponding field.
[openstudio.model.LayeredConstruction] <0> Skipping layer 4 in Object of type 'OS:Construction' and named 'MyCustomizedExternalWall', as there is no Material object referenced by the corresponding field.
[openstudio.model.LayeredConstruction] <0> Skipping layer 4 in Object of type 'OS:Construction' and named 'MyCustomizedExternalWall', as there is no Material object referenced by the corresponding field.
[openstudio.model.LayeredConstruction] <0> Skipping layer 4 in Object of type 'OS:Construction' and named 'MyCustomizedExternalWall', as there is no Material object referenced by the corresponding field.
[openstudio.model.LayeredConstruction] <0> Skipping layer 3 in Object of type 'OS:Construction' and named 'MyCustomizedExternalWall', as there is no Material object referenced by the corresponding field.
[openstudio.model.LayeredConstruction] <0> Skipping layer 3 in Object of type 'OS:Construction' and named 'MyCustomizedExternalWall', as there is no Material object referenced by the corresponding field.
[openstudio.model.LayeredConstruction] <0> Skipping layer 3 in Object of type 'OS:Construction' and named 'MyCustomizedExternalWall', as there is no Material object referenced by the corresponding field.
[openstudio.model.LayeredConstruction] <0> Skipping layer 3 in Object of type 'OS:Construction' and named 'MyCustomizedExternalWall', as there is no Material object referenced by the corresponding field.
[openstudio.model.LayeredConstruction] <0> Skipping layer 3 in Object of type 'OS:Construction' and named 'MyCustomizedExternalWall', as there is no Material object referenced by the corresponding field.
[openstudio.model.LayeredConstruction] <0> Skipping layer 3 in Object of type 'OS:Construction' and named 'MyCustomizedExternalWall', as there is no Material object referenced by the corresponding field.
[openstudio.model.LayeredConstruction] <0> Skipping layer 3 in Object of type 'OS:Construction' and named 'MyCustomizedExternalWall', as there is no Material object referenced by the corresponding field.
[openstudio.model.LayeredConstruction] <0> Skipping layer 3 in Object of type 'OS:Construction' and named 'MyCustomizedExternalWall', as there is no Material object referenced by the corresponding field.
[openstudio.model.LayeredConstruction] <0> Skipping layer 3 in Object of type 'OS:Construction' and named 'MyCustomizedExternalWall', as there is no Material object referenced by the corresponding field.
[openstudio.model.LayeredConstruction] <0> Skipping layer 3 in Object of type 'OS:Construction' and named 'MyCustomizedExternalWall', as there is no Material object referenced by the corresponding field.
[openstudio.model.LayeredConstruction] <0> Skipping layer 3 in Object of type 'OS:Construction' and named 'MyCustomizedExternalWall', as there is no Material object referenced by the corresponding field.
[openstudio.model.LayeredConstruction] <0> Skipping layer 3 in Object of type 'OS:Construction' and named 'MyCustomizedExternalWall', as there is no Material object referenced by the corresponding field.
[openstudio.model.LayeredConstruction] <0> Skipping layer 3 in Object of type 'OS:Construction' and named 'MyCustomizedExternalWall', as there is no Material object referenced by the corresponding field.
[openstudio.model.LayeredConstruction] <0> Skipping layer 3 in Object of type 'OS:Construction' and named 'MyCustomizedExternalWall', as there is no Material object referenced by the corresponding field.
[openstudio.model.LayeredConstruction] <0> Skipping layer 4 in Object of type 'OS:Construction' and named 'MyCustomizedExternalWall', as there is no Material object referenced by the corresponding field.
[openstudio.model.LayeredConstruction] <0> Skipping layer 4 in Object of type 'OS:Construction' and named 'MyCustomizedExternalWall', as there is no Material object referenced by the corresponding field.
[openstudio.model.LayeredConstruction] <0> Skipping layer 4 in Object of type 'OS:Construction' and named 'MyCustomizedExternalWall', as there is no Material object referenced by the corresponding field.
[openstudio.model.LayeredConstruction] <0> Skipping layer 4 in Object of type 'OS:Construction' and named 'MyCustomizedExternalWall', as there is no Material object referenced by the corresponding field.
[openstudio.model.LayeredConstruction] <0> Skipping layer 4 in Object of type 'OS:Construction' and named 'MyCustomizedExternalWall', as there is no Material object referenced by the corresponding field.
[openstudio.model.LayeredConstruction] <0> Skipping layer 4 in Object of type 'OS:Construction' and named 'MyCustomizedExternalWall', as there is no Material object referenced by the corresponding field.
[openstudio.model.LayeredConstruction] <0> Skipping layer 4 in Object of type 'OS:Construction' and named 'MyCustomizedExternalWall', as there is no Material object referenced by the corresponding field.
[openstudio.model.LayeredConstruction] <0> Skipping layer 4 in Object of type 'OS:Construction' and named 'MyCustomizedExternalWall', as there is no Material object referenced by the corresponding field.
[openstudio.model.LayeredConstruction] <0> Skipping layer 4 in Object of type 'OS:Construction' and named 'MyCustomizedExternalWall', as there is no Material object referenced by the corresponding field.
[openstudio.model.LayeredConstruction] <0> Skipping layer 4 in Object of type 'OS:Construction' and named 'MyCustomizedExternalWall', as there is no Material object referenced by the corresponding field.
[openstudio.model.LayeredConstruction] <0> Skipping layer 4 in Object of type 'OS:Construction' and named 'MyCustomizedExternalWall', as there is no Material object referenced by the corresponding field.
[openstudio.model.LayeredConstruction] <0> Skipping layer 4 in Object of type 'OS:Construction' and named 'MyCustomizedExternalWall', as there is no Material object referenced by the corresponding field.
[openstudio.model.LayeredConstruction] <0> Skipping layer 4 in Object of type 'OS:Construction' and named 'MyCustomizedExternalWall', as there is no Material object referenced by the corresponding field.
[openstudio.model.LayeredConstruction] <0> Skipping layer 4 in Object of type 'OS:Construction' and named 'MyCustomizedExternalWall', as there is no Material object referenced by the corresponding field.
[saveModel] <-2> Saved model to 'C:/Users/behzad/AppData/Local/Temp/OpenStudio.LT9004/in.osm'
[saveModelTempDir] <-2> Copying C:/Users/behzad/AppData/Local/Temp/OpenStudio.LT9004/resources to C:/Users/behzad/Dropbox/2 Teaching Activities/3 Technical Environmental SYSTEMS/October10th_inClass/Model_TillAlllThermalZoneAddedAfterRun_withCustomizedConst
[copyDir] <-1> copyDir 'C:/Users/behzad/AppData/Local/Temp/OpenStudio.LT9004/resources' to 'C:/Users/behzad/Dropbox/2 Teaching Activities/3 Technical Environmental SYSTEMS/October10th_inClass/Model_TillAlllThermalZoneAddedAfterRun_withCustomizedConst'
[copyDir] <-1> Creating directory named = 'Model_TillAlllThermalZoneAddedAfterRun_withCustomizedConst' in parentDstDir = 'C:/Users/behzad/Dropbox/2 Teaching Activities/3 Technical Environmental SYSTEMS/October10th_inClass'
[synchDirStructures] <-1> Synching destination 'C:/Users/behzad/Dropbox/2 Teaching Activities/3 Technical Environmental SYSTEMS/October10th_inClass/Model_TillAlllThermalZoneAddedAfterRun_withCustomizedConst' with source 'C:/Users/behzad/AppData/Local/Temp/OpenStudio.LT9004/resources'
[copyDir] <-1> copyDir 'C:/Users/behzad/AppData/Local/Temp/OpenStudio.LT9004/resources/files' to 'C:/Users/behzad/Dropbox/2 Teaching Activities/3 Technical Environmental SYSTEMS/October10th_inClass/Model_TillAlllThermalZoneAddedAfterRun_withCustomizedConst/files'
[copyDir] <-1> Creating directory named = 'files' in parentDstDir = 'C:/Users/behzad/Dropbox/2 Teaching Activities/3 Technical Environmental SYSTEMS/October10th_inClass/Model_TillAlllThermalZoneAddedAfterRun_withCustomizedConst'
[synchDirStructures] <-1> Synching destination 'C:/Users/behzad/Dropbox/2 Teaching Activities/3 Technical Environmental SYSTEMS/October10th_inClass/Model_TillAlllThermalZoneAddedAfterRun_withCustomizedConst/files' with source 'C:/Users/behzad/AppData/Local/Temp/OpenStudio.LT9004/resources/files'
[copyDir] <-1> copyDir 'C:/Users/behzad/AppData/Local/Temp/OpenStudio.LT9004/resources/run' to 'C:/Users/behzad/Dropbox/2 Teaching Activities/3 Technical Environmental SYSTEMS/October10th_inClass/Model_TillAlllThermalZoneAddedAfterRun_withCustomizedConst/run'
[copyDir] <-1> Creating directory named = 'run' in parentDstDir = 'C:/Users/behzad/Dropbox/2 Teaching Activities/3 Technical Environmental SYSTEMS/October10th_inClass/Model_TillAlllThermalZoneAddedAfterRun_withCustomizedConst'
[synchDirStructures] <-1> Synching destination 'C:/Users/behzad/Dropbox/2 Teaching Activities/3 Technical Environmental SYSTEMS/October10th_inClass/Model_TillAlllThermalZoneAddedAfterRun_withCustomizedConst/run' with source 'C:/Users/behzad/AppData/Local/Temp/OpenStudio.LT9004/resources/run'
[copyDir] <-1> copyDir 'C:/Users/behzad/AppData/Local/Temp/OpenStudio.LT9004/resources/run/0-Null' to 'C:/Users/behzad/Dropbox/2 Teaching Activities/3 Technical Environmental SYSTEMS/October10th_inClass/Model_TillAlllThermalZoneAddedAfterRun_withCustomizedConst/run/0-Null'
[copyDir] <-1> Creating directory named = '0-Null' in parentDstDir = 'C:/Users/behzad/Dropbox/2 Teaching Activities/3 Technical Environmental SYSTEMS/October10th_inClass/Model_TillAlllThermalZoneAddedAfterRun_withCustomizedConst/run'
[synchDirStructures] <-1> Synching destination 'C:/Users/behzad/Dropbox/2 Teaching Activities/3 Technical Environmental SYSTEMS/October10th_inClass/Model_TillAlllThermalZoneAddedAfterRun_withCustomizedConst/run/0-Null' with source 'C:/Users/behzad/AppData/Local/Temp/OpenStudio.LT9004/resources/run/0-Null'
[copyDir] <-1> copyDir 'C:/Users/behzad/AppData/Local/Temp/OpenStudio.LT9004/resources/run/1-ModelToIdf-0' to 'C:/Users/behzad/Dropbox/2 Teaching Activities/3 Technical Environmental SYSTEMS/October10th_inClass/Model_TillAlllThermalZoneAddedAfterRun_withCustomizedConst/run/1-ModelToIdf-0'
[copyDir] <-1> Creating directory named = '1-ModelToIdf-0' in parentDstDir = 'C:/Users/behzad/Dropbox/2 Teaching Activities/3 Technical Environmental SYSTEMS/October10th_inClass/Model_TillAlllThermalZoneAddedAfterRun_withCustomizedConst/run'
[synchDirStructures] <-1> Synching destination 'C:/Users/behzad/Dropbox/2 Teaching Activities/3 Technical Environmental SYSTEMS/October10th_inClass/Model_TillAlllThermalZoneAddedAfterRun_withCustomizedConst/run/1-ModelToIdf-0' with source 'C:/Users/behzad/AppData/Local/Temp/OpenStudio.LT9004/resources/run/1-ModelToIdf-0'
[copyDir] <-1> copyDir 'C:/Users/behzad/AppData/Local/Temp/OpenStudio.LT9004/resources/run/2-ExpandObjects-0' to 'C:/Users/behzad/Dropbox/2 Teaching Activities/3 Technical Environmental SYSTEMS/October10th_inClass/Model_TillAlllThermalZoneAddedAfterRun_withCustomizedConst/run/2-ExpandObjects-0'
[copyDir] <-1> Creating directory named = '2-ExpandObjects-0' in parentDstDir = 'C:/Users/behzad/Dropbox/2 Teaching Activities/3 Technical Environmental SYSTEMS/October10th_inClass/Model_TillAlllThermalZoneAddedAfterRun_withCustomizedConst/run'
[synchDirStructures] <-1> Synching destination 'C:/Users/behzad/Dropbox/2 Teaching Activities/3 Technical Environmental SYSTEMS/October10th_inClass/Model_TillAlllThermalZoneAddedAfterRun_withCustomizedConst/run/2-ExpandObjects-0' with source 'C:/Users/behzad/AppData/Local/Temp/OpenStudio.LT9004/resources/run/2-ExpandObjects-0'
[copyDir] <-1> copyDir 'C:/Users/behzad/AppData/Local/Temp/OpenStudio.LT9004/resources/run/3-UserScript-0' to 'C:/Users/behzad/Dropbox/2 Teaching Activities/3 Technical Environmental SYSTEMS/October10th_inClass/Model_TillAlllThermalZoneAddedAfterRun_withCustomizedConst/run/3-UserScript-0'
[copyDir] <-1> Creating directory named = '3-UserScript-0' in parentDstDir = 'C:/Users/behzad/Dropbox/2 Teaching Activities/3 Technical Environmental SYSTEMS/October10th_inClass/Model_TillAlllThermalZoneAddedAfterRun_withCustomizedConst/run'
[synchDirStructures] <-1> Synching destination 'C:/Users/behzad/Dropbox/2 Teaching Activities/3 Technical Environmental SYSTEMS/October10th_inClass/Model_TillAlllThermalZoneAddedAfterRun_withCustomizedConst/run/3-UserScript-0' with source 'C:/Users/behzad/AppData/Local/Temp/OpenStudio.LT9004/resources/run/3-UserScript-0'
[copyDir] <-1> copyDir 'C:/Users/behzad/AppData/Local/Temp/OpenStudio.LT9004/resources/run/4-EnergyPlusPreProcess-0' to 'C:/Users/behzad/Dropbox/2 Teaching Activities/3 Technical Environmental SYSTEMS/October10th_inClass/Model_TillAlllThermalZoneAddedAfterRun_withCustomizedConst/run/4-EnergyPlusPreProcess-0'
[copyDir] <-1> Creating directory named = '4-EnergyPlusPreProcess-0' in parentDstDir = 'C:/Users/behzad/Dropbox/2 Teaching Activities/3 Technical Environmental SYSTEMS/October10th_inClass/Model_TillAlllThermalZoneAddedAfterRun_withCustomizedConst/run'
[synchDirStructures] <-1> Synching destination 'C:/Users/behzad/Dropbox/2 Teaching Activities/3 Technical Environmental SYSTEMS/October10th_inClass/Model_TillAlllThermalZoneAddedAfterRun_withCustomizedConst/run/4-EnergyPlusPreProcess-0' with source 'C:/Users/behzad/AppData/Local/Temp/OpenStudio.LT9004/resources/run/4-EnergyPlusPreProcess-0'
[copyDir] <-1> copyDir 'C:/Users/behzad/AppData/Local/Temp/OpenStudio.LT9004/resources/run/5-EnergyPlus-0' to 'C:/Users/behzad/Dropbox/2 Teaching Activities/3 Technical Environmental SYSTEMS/October10th_inClass/Model_TillAlllThermalZoneAddedAfterRun_withCustomizedConst/run/5-EnergyPlus-0'
[copyDir] <-1> Creating directory named = '5-EnergyPlus-0' in parentDstDir = 'C:/Users/behzad/Dropbox/2 Teaching Activities/3 Technical Environmental SYSTEMS/October10th_inClass/Model_TillAlllThermalZoneAddedAfterRun_withCustomizedConst/run'
[synchDirStructures] <-1> Synching destination 'C:/Users/behzad/Dropbox/2 Teaching Activities/3 Technical Environmental SYSTEMS/October10th_inClass/Model_TillAlllThermalZoneAddedAfterRun_withCustomizedConst/run/5-EnergyPlus-0' with source 'C:/Users/behzad/AppData/Local/Temp/OpenStudio.LT9004/resources/run/5-EnergyPlus-0'
[copyDir] <-1> copyDir 'C:/Users/behzad/AppData/Local/Temp/OpenStudio.LT9004/resources/run/6-UserScript-0' to 'C:/Users/behzad/Dropbox/2 Teaching Activities/3 Technical Environmental SYSTEMS/October10th_inClass/Model_TillAlllThermalZoneAddedAfterRun_withCustomizedConst/run/6-UserScript-0'
[copyDir] <-1> Creating directory named = '6-UserScript-0' in parentDstDir = 'C:/Users/behzad/Dropbox/2 Teaching Activities/3 Technical Environmental SYSTEMS/October10th_inClass/Model_TillAlllThermalZoneAddedAfterRun_withCustomizedConst/run'
[synchDirStructures] <-1> Synching destination 'C:/Users/behzad/Dropbox/2 Teaching Activities/3 Technical Environmental SYSTEMS/October10th_inClass/Model_TillAlllThermalZoneAddedAfterRun_withCustomizedConst/run/6-UserScript-0' with source 'C:/Users/behzad/AppData/Local/Temp/OpenStudio.LT9004/resources/run/6-UserScript-0'
[copyDir] <-1> copyDir 'C:/Users/behzad/AppData/Local/Temp/OpenStudio.LT9004/resources/run/7-OpenStudioPostProcess-0' to 'C:/Users/behzad/Dropbox/2 Teaching Activities/3 Technical Environmental SYSTEMS/October10th_inClass/Model_TillAlllThermalZoneAddedAfterRun_withCustomizedConst/run/7-OpenStudioPostProcess-0'
[copyDir] <-1> Creating directory named = '7-OpenStudioPostProcess-0' in parentDstDir = 'C:/Users/behzad/Dropbox/2 Teaching Activities/3 Technical Environmental SYSTEMS/October10th_inClass/Model_TillAlllThermalZoneAddedAfterRun_withCustomizedConst/run'
[synchDirStructures] <-1> Synching destination 'C:/Users/behzad/Dropbox/2 Teaching Activities/3 Technical Environmental SYSTEMS/October10th_inClass/Model_TillAlllThermalZoneAddedAfterRun_withCustomizedConst/run/7-OpenStudioPostProcess-0' with source 'C:/Users/behzad/AppData/Local/Temp/OpenStudio.LT9004/resources/run/7-OpenStudioPostProcess-0'
[copyDir] <-1> copyDir 'C:/Users/behzad/AppData/Local/Temp/OpenStudio.LT9004/resources/scripts' to 'C:/Users/behzad/Dropbox/2 Teaching Activities/3 Technical Environmental SYSTEMS/October10th_inClass/Model_TillAlllThermalZoneAddedAfterRun_withCustomizedConst/scripts'
[copyDir] <-1> Creating directory named = 'scripts' in parentDstDir = 'C:/Users/behzad/Dropbox/2 Teaching Activities/3 Technical Environmental SYSTEMS/October10th_inClass/Model_TillAlllThermalZoneAddedAfterRun_withCustomizedConst'
[synchDirStructures] <-1> Synching destination 'C:/Users/behzad/Dropbox/2 Teaching Activities/3 Technical Environmental SYSTEMS/October10th_inClass/Model_TillAlllThermalZoneAddedAfterRun_withCustomizedConst/scripts' with source 'C:/Users/behzad/AppData/Local/Temp/OpenStudio.LT9004/resources/scripts'
[utilities.idf.Workspace] <-1> Renamed Object of type 'OS:DefaultScheduleSet' and named '189.1-2009 - Office - OpenOffice - CZ1-3 Schedule Set' to '189.1-2009 - Office - OpenOffice - CZ1-3 Schedule Set 1' to avoid a name conflict upon WorkspaceObject addition.
[openstudio.openstudio_lib.MainRightColumnController] <-2> Setting new edit widget: 000002812A6856D0
[openstudio.openstudio_lib.MainRightColumnController] <-2> Removing old edit widget: 000002812A6856D0
[openstudio.openstudio_lib.MainRightColumnController] <-2> Setting new edit widget: 000002812A6856D0
[openstudio.openstudio_lib.MainRightColumnController] <-2> Removing old edit widget: 000002812A6856D0
[openstudio.openstudio_lib.MainRightColumnController] <-2> Setting new edit widget: 000002812A6856D0
[openstudio.openstudio_lib.MainRightColumnController] <-2> Removing old edit widget: 000002812A6856D0
[openstudio.openstudio_lib.MainRightColumnController] <-2> Setting new edit widget: 000002812A6856D0
[openstudio.openstudio_lib.MainRightColumnController] <-2> Removing old edit widget: 000002812A6856D0
[openstudio.openstudio_lib.MainRightColumnController] <-2> Setting new edit widget: 000002812A6856D0
[openstudio.openstudio_lib.MainRightColumnController] <-2> Removing old edit widget: 000002812A6856D0
[openstudio.openstudio_lib.MainRightColumnController] <-2> Setting new edit widget: 000002812A6856D0
[openstudio.openstudio_lib.MainRightColumnController] <-2> Removing old edit widget: 000002812A6856D0
[openstudio.openstudio_lib.MainRightColumnController] <-2> Setting new edit widget: 000002812A6856D0
[openstudio.openstudio_lib.MainRightColumnController] <-2> Removing old edit widget: 000002812A6856D0
[openstudio.openstudio_lib.MainRightColumnController] <-2> Setting new edit widget: 000002812A6856D0
[openstudio.openstudio_lib.MainRightColumnController] <-2> Removing old edit widget: 000002812A6856D0
[openstudio.openstudio_lib.MainRightColumnController] <-2> Setting new edit widget: 000002812A6856D0
[openstudio.openstudio_lib.MainRightColumnController] <-2> Removing old edit widget: 000002812A6856D0
[openstudio.openstudio_lib.MainRightColumnController] <-2> Setting new edit widget: 000002812A6856D0
[openstudio.openstudio_lib.MainRightColumnController] <-2> Removing old edit widget: 000002812A6856D0
[openstudio.openstudio_lib.MainRightColumnController] <-2> Setting new edit widget: 000002812A6856D0
[openstudio.openstudio_lib.MainRightColumnController] <-2> Removing old edit widget: 000002812A6856D0
[openstudio.openstudio_lib.MainRightColumnController] <-2> Setting new edit widget: 000002812A6856D0
[openstudio.openstudio_lib.MainRightColumnController] <-2> Removing old edit widget: 000002812A6856D0
[openstudio.openstudio_lib.MainRightColumnController] <-2> Setting new edit widget: 000002812A6856D0
[openstudio.openstudio_lib.MainRightColumnController] <-2> Removing old edit widget: 000002812A6856D0
[openstudio.openstudio_lib.MainRightColumnController] <-2> Setting new edit widget: 000002812A6856D0
[openstudio.openstudio_lib.MainRightColumnController] <-2> Removing old edit widget: 000002812A6856D0
[openstudio.openstudio_lib.MainRightColumnController] <-2> Setting new edit widget: 000002812A6856D0
[utilities.idf.Workspace] <-1> Renamed Object of type 'OS:Schedule:Ruleset' and named 'Office Misc Occ' to 'Office Misc Occ 1' to avoid a name conflict upon WorkspaceObject addition.
[utilities.idf.Workspace] <-1> Renamed Object of type 'OS:Schedule:Day' and named 'Office Bldg Occ Default Schedule 1' to 'Office Bldg Occ Default Schedule 2' to avoid a name conflict upon WorkspaceObject addition.
[utilities.idf.Workspace] <-1> Renamed Object of type 'OS:Schedule:Day' and named 'Office Bldg Occ Summer Design Day 1' to 'Office Bldg Occ Summer Design Day 2' to avoid a name conflict upon WorkspaceObject addition.
[utilities.idf.Workspace] <-1> Renamed Object of type 'OS:Schedule:Day' and named 'Office Bldg Occ Winter Design Day 1' to 'Office Bldg Occ Winter Design Day 2' to avoid a name conflict upon WorkspaceObject addition.
[utilities.idf.Workspace] <-1> Renamed Object of type 'OS:Schedule:Rule' and named 'Office Misc Occ Rule 1' to 'Office Misc Occ Rule 3' to avoid a name conflict upon WorkspaceObject addition.
[utilities.idf.Workspace] <-1> Renamed Object of type 'OS:Schedule:Day' and named 'Office Bldg Occ Rule 1 Day Schedule 1' to 'Office Bldg Occ Rule 1 Day Schedule 2' to avoid a name conflict upon WorkspaceObject addition.
[utilities.idf.Workspace] <-1> Renamed Object of type 'OS:Schedule:Rule' and named 'Office Misc Occ Rule 2' to 'Office Misc Occ Rule 4' to avoid a name conflict upon WorkspaceObject addition.
[utilities.idf.Workspace] <-1> Renamed Object of type 'OS:Schedule:Day' and named 'Office Bldg Occ Rule 2 Day Schedule 1' to 'Office Bldg Occ Rule 2 Day Schedule 2' to avoid a name conflict upon WorkspaceObject addition.
[openstudio.openstudio_lib.MainRightColumnController] <-2> Removing old edit widget: 000002812A6856D0
[openstudio.openstudio_lib.MainRightColumnController] <-2> Setting new edit widget: 000002812A6856D0
[openstudio.openstudio_lib.MainRightColumnController] <-2> Removing old edit widget: 000002812A6856D0
[openstudio.openstudio_lib.MainRightColumnController] <-2> Setting new edit widget: 000002812A6856D0
[openstudio.openstudio_lib.MainRightColumnController] <-2> Removing old edit widget: 000002812A6856D0
[openstudio.openstudio_lib.MainRightColumnController] <-2> Setting new edit widget: 000002812A6856D0
[openstudio.openstudio_lib.MainRightColumnController] <-2> Removing old edit widget: 000002812A6856D0
[openstudio.openstudio_lib.MainRightColumnController] <-2> Setting new edit widget: 000002812A6856D0
[openstudio.openstudio_lib.MainRightColumnController] <-2> Removing old edit widget: 000002812A6856D0
[openstudio.openstudio_lib.MainRightColumnController] <-2> Setting new edit widget: 000002812A6856D0
[openstudio.openstudio_lib.MainRightColumnController] <-2> Removing old edit widget: 000002812A6856D0
[openstudio.openstudio_lib.MainRightColumnController] <-2> Setting new edit widget: 000002812A6856D0
[openstudio.openstudio_lib.MainRightColumnController] <-2> Removing old edit widget: 000002812A6856D0
[openstudio.openstudio_lib.MainRightColumnController] <-2> Setting new edit widget: 000002812A6856D0
[openstudio.openstudio_lib.MainRightColumnController] <-2> Removing old edit widget: 000002812A6856D0
[openstudio.openstudio_lib.MainRightColumnController] <-2> Setting new edit widget: 000002812A6856D0
[openstudio.openstudio_lib.MainRightColumnController] <-2> Removing old edit widget: 000002812A6856D0
[openstudio.openstudio_lib.MainRightColumnController] <-2> Setting new edit widget: 000002812A6856D0
[openstudio.openstudio_lib.MainRightColumnController] <-2> Removing old edit widget: 000002812A6856D0
[openstudio.openstudio_lib.MainRightColumnController] <-2> Setting new edit widget: 000002812A6856D0
[openstudio.openstudio_lib.MainRightColumnController] <-2> Removing old edit widget: 000002812A6856D0
[openstudio.openstudio_lib.MainRightColumnController] <-2> Setting new edit widget: 000002812A6856D0
[openstudio.openstudio_lib.MainRightColumnController] <-2> Removing old edit widget: 000002812A6856D0
[openstudio.openstudio_lib.MainRightColumnController] <-2> Setting new edit widget: 000002812A6856D0
[openstudio.openstudio_lib.MainRightColumnController] <-2> Removing old edit widget: 000002812A6856D0
[openstudio.openstudio_lib.MainRightColumnController] <-2> Setting new edit widget: 000002812A6856D0
[openstudio.openstudio_lib.MainRightColumnController] <-2> Removing old edit widget: 000002812A6856D0
[openstudio.openstudio_lib.MainRightColumnController] <-2> Setting new edit widget: 000002812A6856D0
[openstudio.openstudio_lib.MainRightColumnController] <-2> Removing old edit widget: 000002812A6856D0
[openstudio.openstudio_lib.MainRightColumnController] <-2> Setting new edit widget: 000002812A6856D0
[openstudio.openstudio_lib.MainRightColumnController] <-2> Removing old edit widget: 000002812A6856D0
[openstudio.openstudio_lib.MainRightColumnController] <-2> Setting new edit widget: 000002812A6856D0
[utilities.idf.Workspace] <-1> Renamed Object of type 'OS:Schedule:Ruleset' and named 'Office Bldg Light' to 'Office Bldg Light 1' to avoid a name conflict upon WorkspaceObject addition.
[utilities.idf.Workspace] <-1> Renamed Object of type 'OS:Schedule:Day' and named 'Office Bldg Light Default Schedule' to 'Office Bldg Light Default Schedule 1' to avoid a name conflict upon WorkspaceObject addition.
[utilities.idf.Workspace] <-1> Renamed Object of type 'OS:Schedule:Day' and named 'Office Bldg Light Summer Design Day' to 'Office Bldg Light Summer Design Day 1' to avoid a name conflict upon WorkspaceObject addition.
[utilities.idf.Workspace] <-1> Renamed Object of type 'OS:Schedule:Day' and named 'Office Bldg Light Winter Design Day' to 'Office Bldg Light Winter Design Day 1' to avoid a name conflict upon WorkspaceObject addition.
[utilities.idf.Workspace] <-1> Renamed Object of type 'OS:Schedule:Rule' and named 'Office Bldg Light Rule 1' to 'Office Bldg Light Rule 3' to avoid a name conflict upon WorkspaceObject addition.
[utilities.idf.Workspace] <-1> Renamed Object of type 'OS:Schedule:Day' and named 'Office Bldg Light Rule 1 Day Schedule' to 'Office Bldg Light Rule 1 Day Schedule 1' to avoid a name conflict upon WorkspaceObject addition.
[utilities.idf.Workspace] <-1> Renamed Object of type 'OS:Schedule:Rule' and named 'Office Bldg Light Rule 2' to 'Office Bldg Light Rule 4' to avoid a name conflict upon WorkspaceObject addition.
[utilities.idf.Workspace] <-1> Renamed Object of type 'OS:Schedule:Day' and named 'Office Bldg Light Rule 2 Day Schedule' to 'Office Bldg Light Rule 2 Day Schedule 1' to avoid a name conflict upon WorkspaceObject addition.
[openstudio.openstudio_lib.MainRightColumnController] <-2> Removing old edit widget: 000002812A6856D0
[openstudio.openstudio_lib.MainRightColumnController] <-2> Setting new edit widget: 000002812A6856D0
[openstudio.openstudio_lib.MainRightColumnController] <-2> Removing old edit widget: 000002812A6856D0
[openstudio.openstudio_lib.MainRightColumnController] <-2> Setting new edit widget: 000002812A6856D0
[openstudio.openstudio_lib.MainRightColumnController] <-2> Removing old edit widget: 000002812A6856D0
[openstudio.openstudio_lib.MainRightColumnController] <-2> Setting new edit widget: 000002812A6856D0
[openstudio.openstudio_lib.MainRightColumnController] <-2> Removing old edit widget: 000002812A6856D0
[openstudio.openstudio_lib.MainRightColumnController] <-2> Setting new edit widget: 000002812A6856D0
[openstudio.openstudio_lib.MainRightColumnController] <-2> Removing old edit widget: 000002812A6856D0
[openstudio.openstudio_lib.MainRightColumnController] <-2> Setting new edit widget: 000002812A6856D0
[openstudio.openstudio_lib.MainRightColumnController] <-2> Removing old edit widget: 000002812A6856D0
[openstudio.openstudio_lib.MainRightColumnController] <-2> Setting new edit widget: 000002812A6856D0
[openstudio.openstudio_lib.MainRightColumnController] <-2> Removing old edit widget: 000002812A6856D0
[openstudio.openstudio_lib.MainRightColumnController] <-2> Setting new edit widget: 000002812A6856D0
[openstudio.openstudio_lib.MainRightColumnController] <-2> Removing old edit widget: 000002812A6856D0
[openstudio.openstudio_lib.MainRightColumnController] <-2> Setting new edit widget: 000002812A6856D0
[openstudio.openstudio_lib.MainRightColumnController] <-2> Removing old edit widget: 000002812A6856D0
[openstudio.openstudio_lib.MainRightColumnController] <-2> Setting new edit widget: 000002812A6856D0
[openstudio.openstudio_lib.MainRightColumnController] <-2> Removing old edit widget: 000002812A6856D0
[openstudio.openstudio_lib.MainRightColumnController] <-2> Setting new edit widget: 000002812A6856D0
[openstudio.openstudio_lib.MainRightColumnController] <-2> Removing old edit widget: 000002812A6856D0
[openstudio.openstudio_lib.MainRightColumnController] <-2> Setting new edit widget: 000002812A6856D0
[openstudio.openstudio_lib.MainRightColumnController] <-2> Removing old edit widget: 000002812A6856D0
[openstudio.openstudio_lib.MainRightColumnController] <-2> Setting new edit widget: 000002812A6856D0
[openstudio.openstudio_lib.MainRightColumnController] <-2> Removing old edit widget: 000002812A6856D0
[openstudio.openstudio_lib.MainRightColumnController] <-2> Setting new edit widget: 000002812A6856D0
[openstudio.openstudio_lib.MainRightColumnController] <-2> Removing old edit widget: 000002812A6856D0
[openstudio.openstudio_lib.MainRightColumnController] <-2> Setting new edit widget: 000002812A6856D0
[openstudio.openstudio_lib.MainRightColumnController] <-2> Removing old edit widget: 000002812A6856D0
[openstudio.openstudio_lib.MainRightColumnController] <-2> Setting new edit widget: 000002812A6856D0
[openstudio.openstudio_lib.MainRightColumnController] <-2> Removing old edit widget: 000002812A6856D0
[openstudio.project.ProjectDatabase] <-1> DB Message: cannot start a transaction within a transaction Unable to begin transaction
[saveModel] <-2> Saved model to 'C:/Users/behzad/AppData/Local/Temp/OpenStudio.LT9004/in.osm'
[saveModelTempDir] <-2> Copying C:/Users/behzad/AppData/Local/Temp/OpenStudio.LT9004/resources to C:/Users/behzad/Dropbox/2 Teaching Activities/3 Technical Environmental SYSTEMS/October10th_inClass/Model_TillAlllThermalZoneAddedAfterRun_withCustomizedConst
[copyDir] <-1> copyDir 'C:/Users/behzad/AppData/Local/Temp/OpenStudio.LT9004/resources' to 'C:/Users/behzad/Dropbox/2 Teaching Activities/3 Technical Environmental SYSTEMS/October10th_inClass/Model_TillAlllThermalZoneAddedAfterRun_withCustomizedConst'
[synchDirStructures] <-1> Synching destination 'C:/Users/behzad/Dropbox/2 Teaching Activities/3 Technical Environmental SYSTEMS/October10th_inClass/Model_TillAlllThermalZoneAddedAfterRun_withCustomizedConst' with source 'C:/Users/behzad/AppData/Local/Temp/OpenStudio.LT9004/resources'
[synchDirStructures] <-1> Synching destination 'C:/Users/behzad/Dropbox/2 Teaching Activities/3 Technical Environmental SYSTEMS/October10th_inClass/Model_TillAlllThermalZoneAddedAfterRun_withCustomizedConst/files' with source 'C:/Users/behzad/AppData/Local/Temp/OpenStudio.LT9004/resources/files'
[synchDirStructures] <-1> Synching destination 'C:/Users/behzad/Dropbox/2 Teaching Activities/3 Technical Environmental SYSTEMS/October10th_inClass/Model_TillAlllThermalZoneAddedAfterRun_withCustomizedConst/run' with source 'C:/Users/behzad/AppData/Local/Temp/OpenStudio.LT9004/resources/run'
[synchDirStructures] <-1> Synching destination 'C:/Users/behzad/Dropbox/2 Teaching Activities/3 Technical Environmental SYSTEMS/October10th_inClass/Model_TillAlllThermalZoneAddedAfterRun_withCustomizedConst/run/0-Null' with source 'C:/Users/behzad/AppData/Local/Temp/OpenStudio.LT9004/resources/run/0-Null'
[synchDirStructures] <-1> Synching destination 'C:/Users/behzad/Dropbox/2 Teaching Activities/3 Technical Environmental SYSTEMS/October10th_inClass/Model_TillAlllThermalZoneAddedAfterRun_withCustomizedConst/run/1-ModelToIdf-0' with source 'C:/Users/behzad/AppData/Local/Temp/OpenStudio.LT9004/resources/run/1-ModelToIdf-0'
[synchDirStructures] <-1> Synching destination 'C:/Users/behzad/Dropbox/2 Teaching Activities/3 Technical Environmental SYSTEMS/October10th_inClass/Model_TillAlllThermalZoneAddedAfterRun_withCustomizedConst/run/2-ExpandObjects-0' with source 'C:/Users/behzad/AppData/Local/Temp/OpenStudio.LT9004/resources/run/2-ExpandObjects-0'
[synchDirStructures] <-1> Synching destination 'C:/Users/behzad/Dropbox/2 Teaching Activities/3 Technical Environmental SYSTEMS/October10th_inClass/Model_TillAlllThermalZoneAddedAfterRun_withCustomizedConst/run/3-UserScript-0' with source 'C:/Users/behzad/AppData/Local/Temp/OpenStudio.LT9004/resources/run/3-UserScript-0'
[synchDirStructures] <-1> Synching destination 'C:/Users/behzad/Dropbox/2 Teaching Activities/3 Technical Environmental SYSTEMS/October10th_inClass/Model_TillAlllThermalZoneAddedAfterRun_withCustomizedConst/run/4-EnergyPlusPreProcess-0' with source 'C:/Users/behzad/AppData/Local/Temp/OpenStudio.LT9004/resources/run/4-EnergyPlusPreProcess-0'
[synchDirStructures] <-1> Synching destination 'C:/Users/behzad/Dropbox/2 Teaching Activities/3 Technical Environmental SYSTEMS/October10th_inClass/Model_TillAlllThermalZoneAddedAfterRun_withCustomizedConst/run/5-EnergyPlus-0' with source 'C:/Users/behzad/AppData/Local/Temp/OpenStudio.LT9004/resources/run/5-EnergyPlus-0'
[synchDirStructures] <-1> Synching destination 'C:/Users/behzad/Dropbox/2 Teaching Activities/3 Technical Environmental SYSTEMS/October10th_inClass/Model_TillAlllThermalZoneAddedAfterRun_withCustomizedConst/run/6-UserScript-0' with source 'C:/Users/behzad/AppData/Local/Temp/OpenStudio.LT9004/resources/run/6-UserScript-0'
[synchDirStructures] <-1> Synching destination 'C:/Users/behzad/Dropbox/2 Teaching Activities/3 Technical Environmental SYSTEMS/October10th_inClass/Model_TillAlllThermalZoneAddedAfterRun_withCustomizedConst/run/7-OpenStudioPostProcess-0' with source 'C:/Users/behzad/AppData/Local/Temp/OpenStudio.LT9004/resources/run/7-OpenStudioPostProcess-0'
[synchDirStructures] <-1> Synching destination 'C:/Users/behzad/Dropbox/2 Teaching Activities/3 Technical Environmental SYSTEMS/October10th_inClass/Model_TillAlllThermalZoneAddedAfterRun_withCustomizedConst/scripts' with source 'C:/Users/behzad/AppData/Local/Temp/OpenStudio.LT9004/resources/scripts'
[copyDir] <-1> copyDir 'C:/Users/behzad/AppData/Local/Temp/OpenStudio.LT9004/resources/files' to 'C:/Users/behzad/Dropbox/2 Teaching Activities/3 Technical Environmental SYSTEMS/October10th_inClass/Model_TillAlllThermalZoneAddedAfterRun_withCustomizedConst/files'
[synchDirStructures] <-1> Synching destination 'C:/Users/behzad/Dropbox/2 Teaching Activities/3 Technical Environmental SYSTEMS/October10th_inClass/Model_TillAlllThermalZoneAddedAfterRun_withCustomizedConst/files' with source 'C:/Users/behzad/AppData/Local/Temp/OpenStudio.LT9004/resources/files'
[copyDir] <-1> copyDir 'C:/Users/behzad/AppData/Local/Temp/OpenStudio.LT9004/resources/run' to 'C:/Users/behzad/Dropbox/2 Teaching Activities/3 Technical Environmental SYSTEMS/October10th_inClass/Model_TillAlllThermalZoneAddedAfterRun_withCustomizedConst/run'
[synchDirStructures] <-1> Synching destination 'C:/Users/behzad/Dropbox/2 Teaching Activities/3 Technical Environmental SYSTEMS/October10th_inClass/Model_TillAlllThermalZoneAddedAfterRun_withCustomizedConst/run' with source 'C:/Users/behzad/AppData/Local/Temp/OpenStudio.LT9004/resources/run'
[synchDirStructures] <-1> Synching destination 'C:/Users/behzad/Dropbox/2 Teaching Activities/3 Technical Environmental SYSTEMS/October10th_inClass/Model_TillAlllThermalZoneAddedAfterRun_withCustomizedConst/run/0-Null' with source 'C:/Users/behzad/AppData/Local/Temp/OpenStudio.LT9004/resources/run/0-Null'
[synchDirStructures] <-1> Synching destination 'C:/Users/behzad/Dropbox/2 Teaching Activities/3 Technical Environmental SYSTEMS/October10th_inClass/Model_TillAlllThermalZoneAddedAfterRun_withCustomizedConst/run/1-ModelToIdf-0' with source 'C:/Users/behzad/AppData/Local/Temp/OpenStudio.LT9004/resources/run/1-ModelToIdf-0'
[synchDirStructures] <-1> Synching destination 'C:/Users/behzad/Dropbox/2 Teaching Activities/3 Technical Environmental SYSTEMS/October10th_inClass/Model_TillAlllThermalZoneAddedAfterRun_withCustomizedConst/run/2-ExpandObjects-0' with source 'C:/Users/behzad/AppData/Local/Temp/OpenStudio.LT9004/resources/run/2-ExpandObjects-0'
[synchDirStructures] <-1> Synching destination 'C:/Users/behzad/Dropbox/2 Teaching Activities/3 Technical Environmental SYSTEMS/October10th_inClass/Model_TillAlllThermalZoneAddedAfterRun_withCustomizedConst/run/3-UserScript-0' with source 'C:/Users/behzad/AppData/Local/Temp/OpenStudio.LT9004/resources/run/3-UserScript-0'
[synchDirStructures] <-1> Synching destination 'C:/Users/behzad/Dropbox/2 Teaching Activities/3 Technical Environmental SYSTEMS/October10th_inClass/Model_TillAlllThermalZoneAddedAfterRun_withCustomizedConst/run/4-EnergyPlusPreProcess-0' with source 'C:/Users/behzad/AppData/Local/Temp/OpenStudio.LT9004/resources/run/4-EnergyPlusPreProcess-0'
[synchDirStructures] <-1> Synching destination 'C:/Users/behzad/Dropbox/2 Teaching Activities/3 Technical Environmental SYSTEMS/October10th_inClass/Model_TillAlllThermalZoneAddedAfterRun_withCustomizedConst/run/5-EnergyPlus-0' with source 'C:/Users/behzad/AppData/Local/Temp/OpenStudio.LT9004/resources/run/5-EnergyPlus-0'
[synchDirStructures] <-1> Synching destination 'C:/Users/behzad/Dropbox/2 Teaching Activities/3 Technical Environmental SYSTEMS/October10th_inClass/Model_TillAlllThermalZoneAddedAfterRun_withCustomizedConst/run/6-UserScript-0' with source 'C:/Users/behzad/AppData/Local/Temp/OpenStudio.LT9004/resources/run/6-UserScript-0'
[synchDirStructures] <-1> Synching destination 'C:/Users/behzad/Dropbox/2 Teaching Activities/3 Technical Environmental SYSTEMS/October10th_inClass/Model_TillAlllThermalZoneAddedAfterRun_withCustomizedConst/run/7-OpenStudioPostProcess-0' with source 'C:/Users/behzad/AppData/Local/Temp/OpenStudio.LT9004/resources/run/7-OpenStudioPostProcess-0'
[copyDir] <-1> copyDir 'C:/Users/behzad/AppData/Local/Temp/OpenStudio.LT9004/resources/run/0-Null' to 'C:/Users/behzad/Dropbox/2 Teaching Activities/3 Technical Environmental SYSTEMS/October10th_inClass/Model_TillAlllThermalZoneAddedAfterRun_withCustomizedConst/run/0-Null'
[synchDirStructures] <-1> Synching destination 'C:/Users/behzad/Dropbox/2 Teaching Activities/3 Technical Environmental SYSTEMS/October10th_inClass/Model_TillAlllThermalZoneAddedAfterRun_withCustomizedConst/run/0-Null' with source 'C:/Users/behzad/AppData/Local/Temp/OpenStudio.LT9004/resources/run/0-Null'
[copyDir] <-1> copyDir 'C:/Users/behzad/AppData/Local/Temp/OpenStudio.LT9004/resources/run/1-ModelToIdf-0' to 'C:/Users/behzad/Dropbox/2 Teaching Activities/3 Technical Environmental SYSTEMS/October10th_inClass/Model_TillAlllThermalZoneAddedAfterRun_withCustomizedConst/run/1-ModelToIdf-0'
[synchDirStructures] <-1> Synching destination 'C:/Users/behzad/Dropbox/2 Teaching Activities/3 Technical Environmental SYSTEMS/October10th_inClass/Model_TillAlllThermalZoneAddedAfterRun_withCustomizedConst/run/1-ModelToIdf-0' with source 'C:/Users/behzad/AppData/Local/Temp/OpenStudio.LT9004/resources/run/1-ModelToIdf-0'
[copyDir] <-1> copyDir 'C:/Users/behzad/AppData/Local/Temp/OpenStudio.LT9004/resources/run/2-ExpandObjects-0' to 'C:/Users/behzad/Dropbox/2 Teaching Activities/3 Technical Environmental SYSTEMS/October10th_inClass/Model_TillAlllThermalZoneAddedAfterRun_withCustomizedConst/run/2-ExpandObjects-0'
[synchDirStructures] <-1> Synching destination 'C:/Users/behzad/Dropbox/2 Teaching Activities/3 Technical Environmental SYSTEMS/October10th_inClass/Model_TillAlllThermalZoneAddedAfterRun_withCustomizedConst/run/2-ExpandObjects-0' with source 'C:/Users/behzad/AppData/Local/Temp/OpenStudio.LT9004/resources/run/2-ExpandObjects-0'
[copyDir] <-1> copyDir 'C:/Users/behzad/AppData/Local/Temp/OpenStudio.LT9004/resources/run/3-UserScript-0' to 'C:/Users/behzad/Dropbox/2 Teaching Activities/3 Technical Environmental SYSTEMS/October10th_inClass/Model_TillAlllThermalZoneAddedAfterRun_withCustomizedConst/run/3-UserScript-0'
[synchDirStructures] <-1> Synching destination 'C:/Users/behzad/Dropbox/2 Teaching Activities/3 Technical Environmental SYSTEMS/October10th_inClass/Model_TillAlllThermalZoneAddedAfterRun_withCustomizedConst/run/3-UserScript-0' with source 'C:/Users/behzad/AppData/Local/Temp/OpenStudio.LT9004/resources/run/3-UserScript-0'
[copyDir] <-1> copyDir 'C:/Users/behzad/AppData/Local/Temp/OpenStudio.LT9004/resources/run/4-EnergyPlusPreProcess-0' to 'C:/Users/behzad/Dropbox/2 Teaching Activities/3 Technical Environmental SYSTEMS/October10th_inClass/Model_TillAlllThermalZoneAddedAfterRun_withCustomizedConst/run/4-EnergyPlusPreProcess-0'
[synchDirStructures] <-1> Synching destination 'C:/Users/behzad/Dropbox/2 Teaching Activities/3 Technical Environmental SYSTEMS/October10th_inClass/Model_TillAlllThermalZoneAddedAfterRun_withCustomizedConst/run/4-EnergyPlusPreProcess-0' with source 'C:/Users/behzad/AppData/Local/Temp/OpenStudio.LT9004/resources/run/4-EnergyPlusPreProcess-0'
[copyDir] <-1> copyDir 'C:/Users/behzad/AppData/Local/Temp/OpenStudio.LT9004/resources/run/5-EnergyPlus-0' to 'C:/Users/behzad/Dropbox/2 Teaching Activities/3 Technical Environmental SYSTEMS/October10th_inClass/Model_TillAlllThermalZoneAddedAfterRun_withCustomizedConst/run/5-EnergyPlus-0'
[synchDirStructures] <-1> Synching destination 'C:/Users/behzad/Dropbox/2 Teaching Activities/3 Technical Environmental SYSTEMS/October10th_inClass/Model_TillAlllThermalZoneAddedAfterRun_withCustomizedConst/run/5-EnergyPlus-0' with source 'C:/Users/behzad/AppData/Local/Temp/OpenStudio.LT9004/resources/run/5-EnergyPlus-0'
[copyDir] <-1> copyDir 'C:/Users/behzad/AppData/Local/Temp/OpenStudio.LT9004/resources/run/6-UserScript-0' to 'C:/Users/behzad/Dropbox/2 Teaching Activities/3 Technical Environmental SYSTEMS/October10th_inClass/Model_TillAlllThermalZoneAddedAfterRun_withCustomizedConst/run/6-UserScript-0'
[synchDirStructures] <-1> Synching destination 'C:/Users/behzad/Dropbox/2 Teaching Activities/3 Technical Environmental SYSTEMS/October10th_inClass/Model_TillAlllThermalZoneAddedAfterRun_withCustomizedConst/run/6-UserScript-0' with source 'C:/Users/behzad/AppData/Local/Temp/OpenStudio.LT9004/resources/run/6-UserScript-0'
[copyDir] <-1> copyDir 'C:/Users/behzad/AppData/Local/Temp/OpenStudio.LT9004/resources/run/7-OpenStudioPostProcess-0' to 'C:/Users/behzad/Dropbox/2 Teaching Activities/3 Technical Environmental SYSTEMS/October10th_inClass/Model_TillAlllThermalZoneAddedAfterRun_withCustomizedConst/run/7-OpenStudioPostProcess-0'
[synchDirStructures] <-1> Synching destination 'C:/Users/behzad/Dropbox/2 Teaching Activities/3 Technical Environmental SYSTEMS/October10th_inClass/Model_TillAlllThermalZoneAddedAfterRun_withCustomizedConst/run/7-OpenStudioPostProcess-0' with source 'C:/Users/behzad/AppData/Local/Temp/OpenStudio.LT9004/resources/run/7-OpenStudioPostProcess-0'
[copyDir] <-1> copyDir 'C:/Users/behzad/AppData/Local/Temp/OpenStudio.LT9004/resources/scripts' to 'C:/Users/behzad/Dropbox/2 Teaching Activities/3 Technical Environmental SYSTEMS/October10th_inClass/Model_TillAlllThermalZoneAddedAfterRun_withCustomizedConst/scripts'
[synchDirStructures] <-1> Synching destination 'C:/Users/behzad/Dropbox/2 Teaching Activities/3 Technical Environmental SYSTEMS/October10th_inClass/Model_TillAlllThermalZoneAddedAfterRun_withCustomizedConst/scripts' with source 'C:/Users/behzad/AppData/Local/Temp/OpenStudio.LT9004/resources/scripts'
[openstudio.project.ProjectDatabase] <-1> DB Message: cannot start a transaction within a transaction Unable to begin transaction
[saveModel] <-2> Saved model to 'C:/Users/behzad/AppData/Local/Temp/OpenStudio.LT9004/in.osm'
[saveModelTempDir] <-2> Copying C:/Users/behzad/AppData/Local/Temp/OpenStudio.LT9004/resources to C:/Users/behzad/Dropbox/2 Teaching Activities/3 Technical Environmental SYSTEMS/October10th_inClass/Model_TillAlllThermalZoneAddedAfterRun_withCustomizedConst
[copyDir] <-1> copyDir 'C:/Users/behzad/AppData/Local/Temp/OpenStudio.LT9004/resources' to 'C:/Users/behzad/Dropbox/2 Teaching Activities/3 Technical Environmental SYSTEMS/October10th_inClass/Model_TillAlllThermalZoneAddedAfterRun_withCustomizedConst'
[synchDirStructures] <-1> Synching destination 'C:/Users/behzad/Dropbox/2 Teaching Activities/3 Technical Environmental SYSTEMS/October10th_inClass/Model_TillAlllThermalZoneAddedAfterRun_withCustomizedConst' with source 'C:/Users/behzad/AppData/Local/Temp/OpenStudio.LT9004/resources'
[synchDirStructures] <-1> Synching destination 'C:/Users/behzad/Dropbox/2 Teaching Activities/3 Technical Environmental SYSTEMS/October10th_inClass/Model_TillAlllThermalZoneAddedAfterRun_withCustomizedConst/files' with source 'C:/Users/behzad/AppData/Local/Temp/OpenStudio.LT9004/resources/files'
[synchDirStructures] <-1> Synching destination 'C:/Users/behzad/Dropbox/2 Teaching Activities/3 Technical Environmental SYSTEMS/October10th_inClass/Model_TillAlllThermalZoneAddedAfterRun_withCustomizedConst/run' with source 'C:/Users/behzad/AppData/Local/Temp/OpenStudio.LT9004/resources/run'
[synchDirStructures] <-1> Synching destination 'C:/Users/behzad/Dropbox/2 Teaching Activities/3 Technical Environmental SYSTEMS/October10th_inClass/Model_TillAlllThermalZoneAddedAfterRun_withCustomizedConst/run/0-Null' with source 'C:/Users/behzad/AppData/Local/Temp/OpenStudio.LT9004/resources/run/0-Null'
[synchDirStructures] <-1> Synching destination 'C:/Users/behzad/Dropbox/2 Teaching Activities/3 Technical Environmental SYSTEMS/October10th_inClass/Model_TillAlllThermalZoneAddedAfterRun_withCustomizedConst/run/1-ModelToIdf-0' with source 'C:/Users/behzad/AppData/Local/Temp/OpenStudio.LT9004/resources/run/1-ModelToIdf-0'
[synchDirStructures] <-1> Synching destination 'C:/Users/behzad/Dropbox/2 Teaching Activities/3 Technical Environmental SYSTEMS/October10th_inClass/Model_TillAlllThermalZoneAddedAfterRun_withCustomizedConst/run/2-ExpandObjects-0' with source 'C:/Users/behzad/AppData/Local/Temp/OpenStudio.LT9004/resources/run/2-ExpandObjects-0'
[synchDirStructures] <-1> Synching destination 'C:/Users/behzad/Dropbox/2 Teaching Activities/3 Technical Environmental SYSTEMS/October10th_inClass/Model_TillAlllThermalZoneAddedAfterRun_withCustomizedConst/run/3-UserScript-0' with source 'C:/Users/behzad/AppData/Local/Temp/OpenStudio.LT9004/resources/run/3-UserScript-0'
[synchDirStructures] <-1> Synching destination 'C:/Users/behzad/Dropbox/2 Teaching Activities/3 Technical Environmental SYSTEMS/October10th_inClass/Model_TillAlllThermalZoneAddedAfterRun_withCustomizedConst/run/4-EnergyPlusPreProcess-0' with source 'C:/Users/behzad/AppData/Local/Temp/OpenStudio.LT9004/resources/run/4-EnergyPlusPreProcess-0'
[synchDirStructures] <-1> Synching destination 'C:/Users/behzad/Dropbox/2 Teaching Activities/3 Technical Environmental SYSTEMS/October10th_inClass/Model_TillAlllThermalZoneAddedAfterRun_withCustomizedConst/run/5-EnergyPlus-0' with source 'C:/Users/behzad/AppData/Local/Temp/OpenStudio.LT9004/resources/run/5-EnergyPlus-0'
[synchDirStructures] <-1> Synching destination 'C:/Users/behzad/Dropbox/2 Teaching Activities/3 Technical Environmental SYSTEMS/October10th_inClass/Model_TillAlllThermalZoneAddedAfterRun_withCustomizedConst/run/6-UserScript-0' with source 'C:/Users/behzad/AppData/Local/Temp/OpenStudio.LT9004/resources/run/6-UserScript-0'
[synchDirStructures] <-1> Synching destination 'C:/Users/behzad/Dropbox/2 Teaching Activities/3 Technical Environmental SYSTEMS/October10th_inClass/Model_TillAlllThermalZoneAddedAfterRun_withCustomizedConst/run/7-OpenStudioPostProcess-0' with source 'C:/Users/behzad/AppData/Local/Temp/OpenStudio.LT9004/resources/run/7-OpenStudioPostProcess-0'
[synchDirStructures] <-1> Synching destination 'C:/Users/behzad/Dropbox/2 Teaching Activities/3 Technical Environmental SYSTEMS/October10th_inClass/Model_TillAlllThermalZoneAddedAfterRun_withCustomizedConst/scripts' with source 'C:/Users/behzad/AppData/Local/Temp/OpenStudio.LT9004/resources/scripts'
[copyDir] <-1> copyDir 'C:/Users/behzad/AppData/Local/Temp/OpenStudio.LT9004/resources/files' to 'C:/Users/behzad/Dropbox/2 Teaching Activities/3 Technical Environmental SYSTEMS/October10th_inClass/Model_TillAlllThermalZoneAddedAfterRun_withCustomizedConst/files'
[synchDirStructures] <-1> Synching destination 'C:/Users/behzad/Dropbox/2 Teaching Activities/3 Technical Environmental SYSTEMS/October10th_inClass/Model_TillAlllThermalZoneAddedAfterRun_withCustomizedConst/files' with source 'C:/Users/behzad/AppData/Local/Temp/OpenStudio.LT9004/resources/files'
